#
# A fatal error has been detected by the Java Runtime Environment:
#
#  EXCEPTION_ACCESS_VIOLATION (0xc0000005) at pc=0x00000000771408c5, pid=4936, tid=4312
#
# JRE version: 6.0_17-b04
# Java VM: Java HotSpot(TM) 64-Bit Server VM (14.3-b01 mixed mode windows-amd64 )
# Problematic frame:
# C  [ntdll.dll+0x508c5]
#
# If you would like to submit a bug report, please visit:
#   http://java.sun.com/webapps/bugreport/crash.jsp
#

---------------  T H R E A D  ---------------

Current thread (0x000000000548b800):  JavaThread "main" [_thread_in_Java, id=4312, stack(0x00000000000f0000,0x00000000040f0000)]

siginfo: ExceptionCode=0xc0000005, reading address 0xffffffffffffffff

Registers:
EAX=0x00000000040ebaa8, EBX=0x0000000000000002, ECX=0x00000000040ebb78, EDX=0x00000000040ebae8
ESP=0x00000000040eba98, EBP=0x000007fedcd79e50, ESI=0x0000000000000020, EDI=0x0000000000000000
EIP=0x00000000771408c5, EFLAGS=0x0000000000010202

Top of Stack: (sp=0x00000000040eba98)
0x00000000040eba98:   0000000000000202 00000000770fb219
0x00000000040ebaa8:   000007fffffde000 0000000000000003
0x00000000040ebab8:   0000000000000000 0000000000000003
0x00000000040ebac8:   000007fefe1d13d2 00000000040ec3b0
0x00000000040ebad8:   0000000000000000 0000000000000063
0x00000000040ebae8:   00000000040f0000 00000000040e1000
0x00000000040ebaf8:   000007fefe1d13d2 0000000000000510
0x00000000040ebb08:   0000000000000003 0000000000000000
0x00000000040ebb18:   0000000000000000 0000000000000510
0x00000000040ebb28:   0000000078bf7f16 0000000050efb060
0x00000000040ebb38:   0000000000000003 000000003cb5c080
0x00000000040ebb48:   0000000000000050 000000003cb5c080
0x00000000040ebb58:   000000007899a566 000000000548bf60
0x00000000040ebb68:   0000000000000003 0000000050efb060
0x00000000040ebb78:   0000000052640930 0000000000000000
0x00000000040ebb88:   00000000040ebd70 00000000040ebda0 

Instructions: (pc=0x00000000771408c5)
0x00000000771408b5:   00 00 4c 89 b1 e8 00 00 00 4c 89 b9 f0 00 00 00
0x00000000771408c5:   0f ae 81 00 01 00 00 0f 29 81 a0 01 00 00 0f 29 


Stack: [0x00000000000f0000,0x00000000040f0000],  sp=0x00000000040eba98,  free space=65518k
Native frames: (J=compiled Java code, j=interpreted, Vv=VM code, C=native code)
C  [ntdll.dll+0x508c5]

Java frames: (J=compiled Java code, j=interpreted, Vv=VM code)
v  blob 0x0000000039977039
j  sun.misc.URLClassPath$JarLoader.ensureOpen()V+4
j  sun.misc.URLClassPath$JarLoader.getResource(Ljava/lang/String;Z)Lsun/misc/Resource;+21
j  sun.misc.URLClassPath.getResource(Ljava/lang/String;Z)Lsun/misc/Resource;+53
j  sun.misc.URLClassPath.getResource(Ljava/lang/String;)Lsun/misc/Resource;+3
j  java.lang.ClassLoader.getBootstrapResource(Ljava/lang/String;)Ljava/net/URL;+15
j  java.lang.ClassLoader.getResource(Ljava/lang/String;)Ljava/net/URL;+20
j  java.lang.ClassLoader.getResource(Ljava/lang/String;)Ljava/net/URL;+12
j  java.lang.ClassLoader.getSystemResource(Ljava/lang/String;)Ljava/net/URL;+15
j  java.lang.ClassLoader.getSystemResourceAsStream(Ljava/lang/String;)Ljava/io/InputStream;+1
j  com.sun.xml.internal.bind.v2.runtime.reflect.opt.AccessorInjector.tailor(Ljava/lang/String;Ljava/lang/String;[Ljava/lang/String;)[B+54
j  com.sun.xml.internal.bind.v2.runtime.reflect.opt.AccessorInjector.prepare(Ljava/lang/Class;Ljava/lang/String;Ljava/lang/String;[Ljava/lang/String;)Ljava/lang/Class;+37
j  com.sun.xml.internal.bind.v2.runtime.reflect.opt.OptimizedAccessorFactory.get(Ljava/lang/reflect/Method;Ljava/lang/reflect/Method;)Lcom/sun/xml/internal/bind/v2/runtime/reflect/Accessor;+509
j  com.sun.xml.internal.bind.v2.runtime.reflect.Accessor$GetterSetterReflection.optimize(Lcom/sun/xml/internal/bind/v2/runtime/JAXBContextImpl;)Lcom/sun/xml/internal/bind/v2/runtime/reflect/Accessor;+37
j  com.sun.xml.internal.bind.v2.runtime.property.SingleElementLeafProperty.<init>(Lcom/sun/xml/internal/bind/v2/runtime/JAXBContextImpl;Lcom/sun/xml/internal/bind/v2/model/runtime/RuntimeElementPropertyInfo;)V+88
v  ~StubRoutines::call_stub
j  sun.reflect.NativeConstructorAccessorImpl.newInstance0(Ljava/lang/reflect/Constructor;[Ljava/lang/Object;)Ljava/lang/Object;+0
j  sun.reflect.NativeConstructorAccessorImpl.newInstance([Ljava/lang/Object;)Ljava/lang/Object;+72
j  sun.reflect.DelegatingConstructorAccessorImpl.newInstance([Ljava/lang/Object;)Ljava/lang/Object;+5
j  java.lang.reflect.Constructor.newInstance([Ljava/lang/Object;)Ljava/lang/Object;+92
j  com.sun.xml.internal.bind.v2.runtime.property.PropertyFactory.create(Lcom/sun/xml/internal/bind/v2/runtime/JAXBContextImpl;Lcom/sun/xml/internal/bind/v2/model/runtime/RuntimePropertyInfo;)Lcom/sun/xml/internal/bind/v2/runtime/property/Property;+175
j  com.sun.xml.internal.bind.v2.runtime.ClassBeanInfoImpl.<init>(Lcom/sun/xml/internal/bind/v2/runtime/JAXBContextImpl;Lcom/sun/xml/internal/bind/v2/model/runtime/RuntimeClassInfo;)V+292
j  com.sun.xml.internal.bind.v2.runtime.JAXBContextImpl.getOrCreate(Lcom/sun/xml/internal/bind/v2/model/runtime/RuntimeClassInfo;)Lcom/sun/xml/internal/bind/v2/runtime/ClassBeanInfoImpl;+26
j  com.sun.xml.internal.bind.v2.runtime.ClassBeanInfoImpl.<init>(Lcom/sun/xml/internal/bind/v2/runtime/JAXBContextImpl;Lcom/sun/xml/internal/bind/v2/model/runtime/RuntimeClassInfo;)V+186
j  com.sun.xml.internal.bind.v2.runtime.JAXBContextImpl.getOrCreate(Lcom/sun/xml/internal/bind/v2/model/runtime/RuntimeClassInfo;)Lcom/sun/xml/internal/bind/v2/runtime/ClassBeanInfoImpl;+26
j  com.sun.xml.internal.bind.v2.runtime.JAXBContextImpl.<init>(Lcom/sun/xml/internal/bind/v2/runtime/JAXBContextImpl$JAXBContextBuilder;)V+655
j  com.sun.xml.internal.bind.v2.runtime.JAXBContextImpl$JAXBContextBuilder.build()Lcom/sun/xml/internal/bind/v2/runtime/JAXBContextImpl;+64
j  com.sun.xml.internal.bind.v2.ContextFactory.createContext([Ljava/lang/Class;Ljava/util/Collection;Ljava/util/Map;Ljava/lang/String;ZLcom/sun/xml/internal/bind/v2/model/annotation/RuntimeAnnotationReader;ZZZ)Lcom/sun/xml/internal/bind/api/JAXBRIContext;+79
j  com.sun.xml.internal.bind.v2.ContextFactory.createContext([Ljava/lang/Class;Ljava/util/Map;)Ljavax/xml/bind/JAXBContext;+278
j  com.sun.xml.internal.bind.v2.ContextFactory.createContext(Ljava/lang/String;Ljava/lang/ClassLoader;Ljava/util/Map;)Ljavax/xml/bind/JAXBContext;+171
v  ~StubRoutines::call_stub
j  sun.reflect.NativeMethodAccessorImpl.invoke0(Ljava/lang/reflect/Method;Ljava/lang/Object;[Ljava/lang/Object;)Ljava/lang/Object;+0
j  sun.reflect.NativeMethodAccessorImpl.invoke(Ljava/lang/Object;[Ljava/lang/Object;)Ljava/lang/Object;+87
j  sun.reflect.DelegatingMethodAccessorImpl.invoke(Ljava/lang/Object;[Ljava/lang/Object;)Ljava/lang/Object;+6
j  java.lang.reflect.Method.invoke(Ljava/lang/Object;[Ljava/lang/Object;)Ljava/lang/Object;+161
j  javax.xml.bind.ContextFinder.newInstance(Ljava/lang/String;Ljava/lang/String;Ljava/lang/ClassLoader;Ljava/util/Map;)Ljavax/xml/bind/JAXBContext;+60
j  javax.xml.bind.ContextFinder.find(Ljava/lang/String;Ljava/lang/String;Ljava/lang/ClassLoader;Ljava/util/Map;)Ljavax/xml/bind/JAXBContext;+348
j  javax.xml.bind.JAXBContext.newInstance(Ljava/lang/String;Ljava/lang/ClassLoader;Ljava/util/Map;)Ljavax/xml/bind/JAXBContext;+5
j  javax.xml.bind.JAXBContext.newInstance(Ljava/lang/String;Ljava/lang/ClassLoader;)Ljavax/xml/bind/JAXBContext;+5
j  javax.xml.bind.JAXBContext.newInstance(Ljava/lang/String;)Ljavax/xml/bind/JAXBContext;+7
j  com.mathworks.webservices.client.core.xml.JaxbResponseHandler.<init>(Ljava/lang/String;)V+12
j  com.mathworks.webservices.mls.MathWorksLicenseServerClientImpl.<init>(Lcom/mathworks/webservices/client/core/ClientConfiguration;)V+8
j  com.mathworks.webservices.mls.MathWorksLicenseServerClientImpl.<init>()V+8
j  com.mathworks.services.lmgr.MathWorksLicenseServerClientFactory.createClient()Lcom/mathworks/webservices/mls/MathWorksLicenseServerClient;+4
j  com.mathworks.services.lmgr.WebData.<init>()V+8
j  com.mathworks.jmi.LmgrWebHeartbeats.getWebLicenses()V+4
j  com.mathworks.jmi.LmgrWebHeartbeats.<clinit>()V+0
v  ~StubRoutines::call_stub
j  java.lang.Class.forName0(Ljava/lang/String;ZLjava/lang/ClassLoader;)Ljava/lang/Class;+0
j  java.lang.Class.forName(Ljava/lang/String;)Ljava/lang/Class;+5
j  com.mathworks.util.PostVMInit$StartupClass.init(ZZ)V+28
j  com.mathworks.util.PostVMInit.perform(ZZ)V+31
v  ~StubRoutines::call_stub

---------------  P R O C E S S  ---------------

Java Threads: ( => current thread )
  0x0000000051f79800 JavaThread "Timer-0" [_thread_blocked, id=4584, stack(0x000000000ff50000,0x000000000ffd0000)]
  0x0000000051e8d800 JavaThread "EventMgr Dispatcher" daemon [_thread_in_native, id=2516, stack(0x0000000010f60000,0x0000000014f60000)]
  0x0000000050fd3800 JavaThread "Low Memory Detector" daemon [_thread_blocked, id=4740, stack(0x000000000d7c0000,0x000000000d840000)]
  0x0000000050fcd000 JavaThread "CompilerThread1" daemon [_thread_blocked, id=5004, stack(0x0000000094580000,0x0000000098580000)]
  0x0000000050fc6800 JavaThread "CompilerThread0" daemon [_thread_blocked, id=5060, stack(0x0000000090450000,0x0000000094450000)]
  0x0000000050fc2000 JavaThread "Attach Listener" daemon [_thread_blocked, id=2464, stack(0x0000000008d80000,0x0000000008e00000)]
  0x0000000050ed2800 JavaThread "Finalizer" daemon [_thread_blocked, id=1984, stack(0x0000000008ad0000,0x0000000008b50000)]
  0x0000000050ecb800 JavaThread "Reference Handler" daemon [_thread_blocked, id=3740, stack(0x0000000008c00000,0x0000000008c80000)]
=>0x000000000548b800 JavaThread "main" [_thread_in_Java, id=4312, stack(0x00000000000f0000,0x00000000040f0000)]

Other Threads:
  0x0000000050ec2000 VMThread [stack: 0x000000008c2a0000,0x00000000902a0000] [id=2460]
  0x0000000051000000 WatcherThread [stack: 0x0000000098630000,0x000000009c630000] [id=968]

VM state:not at safepoint (normal execution)

VM Mutex/Monitor currently owned by a thread: None

Heap
 PSYoungGen      total 14336K, used 10701K [0x000000004dc40000, 0x000000004ec40000, 0x0000000050d40000)
  eden space 12288K, 87% used [0x000000004dc40000,0x000000004e6b3448,0x000000004e840000)
  from space 2048K, 0% used [0x000000004ea40000,0x000000004ea40000,0x000000004ec40000)
  to   space 2048K, 0% used [0x000000004e840000,0x000000004e840000,0x000000004ea40000)
 PSOldGen        total 49152K, used 0K [0x0000000044940000, 0x0000000047940000, 0x000000004dc40000)
  object space 49152K, 0% used [0x0000000044940000,0x0000000044940000,0x0000000047940000)
 PSPermGen       total 32768K, used 6507K [0x000000003c940000, 0x000000003e940000, 0x0000000044940000)
  object space 32768K, 19% used [0x000000003c940000,0x000000003cf9aeb0,0x000000003e940000)

Dynamic libraries:
0x000000013fb50000 - 0x000000013fb82000 	C:\Program Files\MATLAB\R2012a\bin\win64\matlab.exe
0x00000000770f0000 - 0x0000000077299000 	C:\Windows\SYSTEM32\ntdll.dll
0x0000000076fd0000 - 0x00000000770ef000 	C:\Windows\system32\kernel32.dll
0x000007fefd270000 - 0x000007fefd2db000 	C:\Windows\system32\KERNELBASE.dll
0x0000000074460000 - 0x0000000074554000 	C:\Program Files\MATLAB\R2012a\bin\win64\libut.dll
0x00000000758a0000 - 0x0000000075952000 	C:\Program Files\MATLAB\R2012a\bin\win64\libmwi18n.dll
0x0000000180000000 - 0x000000018000b000 	C:\Program Files\MATLAB\R2012a\bin\win64\libmwresource_core.dll
0x000000006fd80000 - 0x000000006fe53000 	C:\Windows\WinSxS\amd64_microsoft.vc90.crt_1fc8b3b9a1e18e3b_9.0.30729.6161_none_08e61857a83bc251\MSVCP90.dll
0x000000006fcd0000 - 0x000000006fd73000 	C:\Windows\WinSxS\amd64_microsoft.vc90.crt_1fc8b3b9a1e18e3b_9.0.30729.6161_none_08e61857a83bc251\MSVCR90.dll
0x000000007a170000 - 0x000000007a19c000 	C:\Program Files\MATLAB\R2012a\bin\win64\boost_filesystem-vc90-mt-1_44.dll
0x000000007a560000 - 0x000000007a569000 	C:\Program Files\MATLAB\R2012a\bin\win64\boost_system-vc90-mt-1_44.dll
0x000007fefef20000 - 0x000007fefeffb000 	C:\Windows\system32\ADVAPI32.dll
0x000007fefe1d0000 - 0x000007fefe26f000 	C:\Windows\system32\msvcrt.dll
0x000007feff3e0000 - 0x000007feff3ff000 	C:\Windows\SYSTEM32\sechost.dll
0x000007feff080000 - 0x000007feff1ad000 	C:\Windows\system32\RPCRT4.dll
0x000000007a010000 - 0x000000007a035000 	C:\Program Files\MATLAB\R2012a\bin\win64\LIBEXPAT.dll
0x000000005c6b0000 - 0x000000005c8a1000 	C:\Program Files\MATLAB\R2012a\bin\win64\icuin44.dll
0x000000005c930000 - 0x000000005caa1000 	C:\Program Files\MATLAB\R2012a\bin\win64\icuuc44.dll
0x0000000010000000 - 0x0000000010e41000 	C:\Program Files\MATLAB\R2012a\bin\win64\icudt44.dll
0x0000000073f70000 - 0x00000000740ad000 	C:\Program Files\MATLAB\R2012a\bin\win64\libmwfl.dll
0x00000000042c0000 - 0x00000000045b6000 	C:\Program Files\MATLAB\R2012a\bin\win64\libmwMATLAB_res.dll
0x000000007a3b0000 - 0x000000007a3c0000 	C:\Program Files\MATLAB\R2012a\bin\win64\boost_date_time-vc90-mt-1_44.dll
0x000000007a250000 - 0x000000007a263000 	C:\Program Files\MATLAB\R2012a\bin\win64\boost_signals-vc90-mt-1_44.dll
0x000000007a2d0000 - 0x000000007a2e2000 	C:\Program Files\MATLAB\R2012a\bin\win64\boost_thread-vc90-mt-1_44.dll
0x00000000045c0000 - 0x0000000004606000 	C:\Program Files\MATLAB\R2012a\bin\win64\tbb.dll
0x000007feff060000 - 0x000007feff079000 	C:\Windows\system32\imagehlp.dll
0x00000000772b0000 - 0x00000000772b7000 	C:\Windows\system32\PSAPI.DLL
0x000000005c910000 - 0x000000005c923000 	C:\Program Files\MATLAB\R2012a\bin\win64\icuio44.dll
0x000007fef5a50000 - 0x000007fef5b75000 	C:\Windows\system32\dbghelp.dll
0x0000000076ed0000 - 0x0000000076fca000 	C:\Windows\system32\USER32.dll
0x000007fefe460000 - 0x000007fefe4c7000 	C:\Windows\system32\GDI32.dll
0x000007fefd430000 - 0x000007fefd43e000 	C:\Windows\system32\LPK.dll
0x000007fefd2e0000 - 0x000007fefd3a9000 	C:\Windows\system32\USP10.dll
0x000000007bed0000 - 0x000000007c183000 	C:\Program Files\MATLAB\R2012a\bin\win64\libmwservices.dll
0x0000000075a20000 - 0x0000000075ae2000 	C:\Program Files\MATLAB\R2012a\bin\win64\libmx.dll
0x000000007a210000 - 0x000000007a228000 	C:\Program Files\MATLAB\R2012a\bin\win64\zlib1.dll
0x0000000004640000 - 0x0000000004661000 	C:\Program Files\MATLAB\R2012a\bin\win64\libmwmfl_scalar.dll
0x0000000075f10000 - 0x0000000075f5d000 	C:\Program Files\MATLAB\R2012a\bin\win64\mpath.dll
0x000000007b680000 - 0x000000007bbe1000 	C:\Program Files\MATLAB\R2012a\bin\win64\mlutil.dll
0x000000005c630000 - 0x000000005c6af000 	C:\Program Files\MATLAB\R2012a\bin\win64\xmlcore.dll
0x000000007bc30000 - 0x000000007be83000 	C:\Program Files\MATLAB\R2012a\bin\win64\xerces-c_2_7.dll
0x000007fefe800000 - 0x000007fefe84d000 	C:\Windows\system32\WS2_32.dll
0x000007fefece0000 - 0x000007fefece8000 	C:\Windows\system32\NSI.dll
0x00000000046c0000 - 0x00000000046da000 	C:\Program Files\MATLAB\R2012a\bin\win64\libmwMATLAB_settings_res.dll
0x00000000046f0000 - 0x0000000004737000 	C:\Program Files\MATLAB\R2012a\bin\win64\boost_serialization-vc90-mt-1_44.dll
0x000007fefd440000 - 0x000007fefe1c8000 	C:\Windows\system32\SHELL32.dll
0x000007fefd3b0000 - 0x000007fefd421000 	C:\Windows\system32\SHLWAPI.dll
0x000007feebc60000 - 0x000007feebd00000 	C:\Windows\WinSxS\amd64_microsoft.windows.common-controls_6595b64144ccf1df_5.82.7601.18201_none_a4d3b9377117c3df\COMCTL32.dll
0x000007feff1b0000 - 0x000007feff247000 	C:\Windows\system32\COMDLG32.dll
0x000007fefa240000 - 0x000007fefa256000 	C:\Windows\system32\NETAPI32.dll
0x000007fefa230000 - 0x000007fefa23c000 	C:\Windows\system32\netutils.dll
0x000007fefcab0000 - 0x000007fefcad3000 	C:\Windows\system32\srvcli.dll
0x000007fefa210000 - 0x000007fefa225000 	C:\Windows\system32\wkscli.dll
0x000007fefe570000 - 0x000007fefe773000 	C:\Windows\system32\ole32.dll
0x000007fefe270000 - 0x000007fefe347000 	C:\Windows\system32\OLEAUT32.dll
0x0000000074970000 - 0x0000000074b06000 	C:\Program Files\MATLAB\R2012a\bin\win64\mcr.dll
0x0000000075000000 - 0x000000007536b000 	C:\Program Files\MATLAB\R2012a\bin\win64\iqm.dll
0x000000005be00000 - 0x000000005c621000 	C:\Program Files\MATLAB\R2012a\bin\win64\m_interpreter.dll
0x000000005c8e0000 - 0x000000005c905000 	C:\Program Files\MATLAB\R2012a\bin\win64\libmex.dll
0x000000005bd40000 - 0x000000005bdf3000 	C:\Program Files\MATLAB\R2012a\bin\win64\m_dispatcher.dll
0x0000000074880000 - 0x000000007496d000 	C:\Program Files\MATLAB\R2012a\bin\win64\boost_regex-vc90-mt-1_44.dll
0x000000005bcb0000 - 0x000000005bd34000 	C:\Program Files\MATLAB\R2012a\bin\win64\profiler.dll
0x00000000047c0000 - 0x0000000004a15000 	C:\Program Files\MATLAB\R2012a\bin\win64\libmwmathutil.dll
0x0000000079f40000 - 0x0000000079f6d000 	C:\Program Files\MATLAB\R2012a\bin\win64\libmwmathrng.dll
0x0000000074c10000 - 0x0000000074ced000 	C:\Program Files\MATLAB\R2012a\bin\win64\libmwmathcore.dll
0x0000000076160000 - 0x00000000761cb000 	C:\Program Files\MATLAB\R2012a\bin\win64\libmwspmatrix.dll
0x0000000075ea0000 - 0x0000000075f02000 	C:\Program Files\MATLAB\R2012a\bin\win64\libmwcholmod.dll
0x000000007a460000 - 0x000000007a46d000 	C:\Program Files\MATLAB\R2012a\bin\win64\libmwamd.dll
0x000000007a4b0000 - 0x000000007a4bc000 	C:\Program Files\MATLAB\R2012a\bin\win64\libmwcolamd.dll
0x000000005c8c0000 - 0x000000005c8d9000 	C:\Program Files\MATLAB\R2012a\bin\win64\libmwblas.dll
0x000000005bc90000 - 0x000000005bca2000 	C:\Program Files\MATLAB\R2012a\bin\win64\libmwbinder.dll
0x000000005c8b0000 - 0x000000005c8bb000 	C:\Program Files\MATLAB\R2012a\bin\win64\libmwompwrapper.dll
0x000000005bb70000 - 0x000000005bbf6000 	C:\Program Files\MATLAB\R2012a\bin\win64\libmwlapack.dll
0x000000005bc60000 - 0x000000005bc81000 	C:\Program Files\MATLAB\R2012a\bin\win64\m_pcodeio.dll
0x0000000079b10000 - 0x0000000079b77000 	C:\Program Files\MATLAB\R2012a\bin\win64\m_ir.dll
0x000000005b520000 - 0x000000005bb70000 	C:\Program Files\MATLAB\R2012a\bin\win64\m_parser.dll
0x000000005bc40000 - 0x000000005bc5a000 	C:\Program Files\MATLAB\R2012a\bin\win64\ir_xfmr.dll
0x000000005b2a0000 - 0x000000005b519000 	C:\Program Files\MATLAB\R2012a\bin\win64\mcos.dll
0x000000005bc30000 - 0x000000005bc3c000 	C:\Program Files\MATLAB\R2012a\bin\win64\mtok.dll
0x000000005b260000 - 0x000000005b291000 	C:\Program Files\MATLAB\R2012a\bin\win64\m_pcodegen.dll
0x0000000079fb0000 - 0x0000000079fe7000 	C:\Program Files\MATLAB\R2012a\bin\win64\libmwbridge.dll
0x000000005b190000 - 0x000000005b258000 	C:\Program Files\MATLAB\R2012a\bin\win64\udd.dll
0x000000005b030000 - 0x000000005b182000 	C:\Program Files\MATLAB\R2012a\bin\win64\libmwgui.dll
0x000000005bc10000 - 0x000000005bc27000 	C:\Program Files\MATLAB\R2012a\bin\win64\graphics_util.dll
0x000000005a680000 - 0x000000005b023000 	C:\Program Files\MATLAB\R2012a\bin\win64\hg.dll
0x0000000004b90000 - 0x0000000004bf7000 	C:\Program Files\MATLAB\R2012a\bin\win64\libmat.dll
0x0000000072d30000 - 0x0000000072f44000 	C:\Program Files\MATLAB\R2012a\bin\win64\hdf5dll.dll
0x0000000075710000 - 0x00000000757c1000 	C:\Program Files\MATLAB\R2012a\bin\win64\jmi.dll
0x0000000004c30000 - 0x0000000004c3e000 	C:\Program Files\MATLAB\R2012a\bin\win64\nativejava_services.dll
0x000000005a630000 - 0x000000005a672000 	C:\Program Files\MATLAB\R2012a\bin\win64\libmwhardcopy.dll
0x000000005a5d0000 - 0x000000005a62a000 	C:\Program Files\MATLAB\R2012a\bin\win64\libuij.dll
0x000000005a3c0000 - 0x000000005a5cc000 	C:\Program Files\MATLAB\R2012a\bin\win64\hgdatatypes.dll
0x000000005a2c0000 - 0x000000005a3bd000 	C:\Program Files\MATLAB\R2012a\bin\win64\hgutils.dll
0x000000005a200000 - 0x000000005a2bd000 	C:\Program Files\MATLAB\R2012a\bin\win64\udd_mi.dll
0x0000000004ca0000 - 0x0000000004cdb000 	C:\Program Files\MATLAB\R2012a\bin\win64\libmwgbtutils.dll
0x0000000004cf0000 - 0x0000000004d09000 	C:\Program Files\MATLAB\R2012a\bin\win64\libmwgbt.dll
0x0000000004d20000 - 0x0000000004fea000 	C:\Program Files\MATLAB\R2012a\bin\win64\uiw.dll
0x000000005bc00000 - 0x000000005bc0f000 	C:\Program Files\MATLAB\R2012a\bin\win64\uinone.dll
0x000007fef7550000 - 0x000007fef7568000 	C:\Windows\system32\MPR.dll
0x0000000053bc0000 - 0x00000000540a4000 	C:\Windows\WinSxS\amd64_microsoft.vc90.mfc_1fc8b3b9a1e18e3b_9.0.30729.6161_none_044aad0bab1eb146\mfc90.dll
0x000007fef51d0000 - 0x000007fef51d7000 	C:\Windows\system32\MSIMG32.dll
0x000007fef5bf0000 - 0x000007fef5c61000 	C:\Windows\system32\WINSPOOL.DRV
0x000000005a1e0000 - 0x000000005a200000 	C:\Program Files\MATLAB\R2012a\bin\win64\mwoles05.DLL
0x000000005a160000 - 0x000000005a1dc000 	C:\Program Files\MATLAB\R2012a\bin\win64\comcli.dll
0x000000006fad0000 - 0x000000006faff000 	C:\Windows\WinSxS\amd64_microsoft.vc90.atl_1fc8b3b9a1e18e3b_9.0.30729.6161_none_0a1fd3a3a768b895\ATL90.DLL
0x000000005a150000 - 0x000000005a15c000 	C:\Program Files\MATLAB\R2012a\bin\win64\mlautoregister.dll
0x0000000005040000 - 0x0000000005050000 	C:\Program Files\MATLAB\R2012a\bin\win64\boost_iostreams-vc90-mt-1_44.dll
0x000007fefcd40000 - 0x000007fefcd97000 	C:\Windows\system32\apphelp.dll
0x000007fef9580000 - 0x000007fef95d1000 	C:\Windows\AppPatch\AppPatch64\AcGenral.DLL
0x000007fefcd10000 - 0x000007fefcd35000 	C:\Windows\system32\SspiCli.dll
0x0000000073700000 - 0x0000000073703000 	C:\Windows\system32\sfc.dll
0x000007fef89a0000 - 0x000007fef89b0000 	C:\Windows\system32\sfc_os.DLL
0x000007fefc1f0000 - 0x000007fefc20e000 	C:\Windows\system32\USERENV.dll
0x000007fefceb0000 - 0x000007fefcebf000 	C:\Windows\system32\profapi.dll
0x000007fefae50000 - 0x000007fefae68000 	C:\Windows\system32\dwmapi.dll
0x000007fedc930000 - 0x000007fedcd97000 	C:\Windows\AppPatch\AppPatch64\AcXtrnal.DLL
0x000007feff3b0000 - 0x000007feff3de000 	C:\Windows\system32\IMM32.DLL
0x000007fefe350000 - 0x000007fefe459000 	C:\Windows\system32\MSCTF.dll
0x000007fefb680000 - 0x000007fefb6d6000 	C:\Windows\system32\UxTheme.dll
0x000000005a140000 - 0x000000005a14f000 	C:\Windows\WinSxS\amd64_microsoft.vc90.mfcloc_1fc8b3b9a1e18e3b_9.0.30729.6161_none_01c9581e60cbee58\MFC90FRA.DLL
0x0000000007220000 - 0x0000000007249000 	C:\Program Files\MATLAB\R2012a\bin\win64\tbbmalloc.dll
0x0000000078870000 - 0x0000000078ecd000 	C:\Program Files\MATLAB\R2012a\sys\java\jre\win64\jre\bin\server\jvm.dll
0x000007fefaa20000 - 0x000007fefaa5b000 	C:\Windows\system32\WINMM.dll
0x000000005a130000 - 0x000000005a133000 	C:\Windows\system32\icmp.Dll
0x000007fefa820000 - 0x000007fefa847000 	C:\Windows\system32\iphlpapi.DLL
0x000007fefa7b0000 - 0x000007fefa7bb000 	C:\Windows\system32\WINNSI.DLL
0x000007fefa070000 - 0x000007fefa085000 	C:\Windows\system32\NLAapi.dll
0x000007fef6ed0000 - 0x000007fef6ee5000 	C:\Windows\system32\napinsp.dll

VM Arguments:
jvm_args: -Xss512k -XX:PermSize=32m -Xms64m -XX:NewRatio=3 -XX:MaxPermSize=128m -Xmx196m -XX:MaxDirectMemorySize=2147400000 -Dsun.java2d.noddraw=true -Dsun.awt.nopixfmt=true -Xshare:off -Xrs -Dsun.awt.disableMixing=true -Djava.library.path=C:\Program Files\MATLAB\R2012a\bin\win64 vfprintf abort 
java_command: <unknown>
Launcher Type: generic

Environment Variables:
PATH=C:\Windows\system32;C:\Windows;C:\Windows\System32\Wbem;C:\Windows\System32\WindowsPowerShell\v1.0\;c:\Program Files (x86)\ATI Technologies\ATI.ACE\Core-Static;C:\Program Files\MATLAB\R2012a\runtime\win64;C:\Program Files\MATLAB\R2012a\bin
USERNAME=Sahar
OS=Windows_NT
PROCESSOR_IDENTIFIER=Intel64 Family 6 Model 60 Stepping 3, GenuineIntel



---------------  S Y S T E M  ---------------

OS: Windows 7 Build 7601 Service Pack 1

CPU:total 8 (8 cores per cpu, 2 threads per core) family 6 model 60 stepping 3, cmov, cx8, fxsr, mmx, sse, sse2, sse3, ssse3, sse4.1, sse4.2, ht

Memory: 4k page, physical 8329420k(5949496k free), swap 16656976k(13687940k free)

vm_info: Java HotSpot(TM) 64-Bit Server VM (14.3-b01) for windows-amd64 JRE (1.6.0_17-b04), built on Oct 11 2009 00:46:08 by "java_re" with MS VC++ 8.0

time: Thu May 08 10:39:19 2014
elapsed time: 0 seconds

