#
# A fatal error has been detected by the Java Runtime Environment:
#
#  EXCEPTION_ACCESS_VIOLATION (0xc0000005) at pc=0x00000000771408c5, pid=2640, tid=3532
#
# JRE version: 6.0_17-b04
# Java VM: Java HotSpot(TM) 64-Bit Server VM (14.3-b01 mixed mode windows-amd64 )
# Problematic frame:
# C  [ntdll.dll+0x508c5]
#
# If you would like to submit a bug report, please visit:
#   http://java.sun.com/webapps/bugreport/crash.jsp
#

---------------  T H R E A D  ---------------

Current thread (0x000000000e6a5800):  JavaThread "AWT-EventQueue-0" [_thread_in_Java, id=3532, stack(0x000000000d9f0000,0x000000000da70000)]

siginfo: ExceptionCode=0xc0000005, reading address 0xffffffffffffffff

Registers:
EAX=0x000000000da6e008, EBX=0x0000000000000002, ECX=0x000000000da6e0d8, EDX=0x000000000da6e048
ESP=0x000000000da6dff8, EBP=0x000007feebb69610, ESI=0x0000000000000020, EDI=0x0000000000000000
EIP=0x00000000771408c5, EFLAGS=0x0000000000010202

Top of Stack: (sp=0x000000000da6dff8)
0x000000000da6dff8:   0000000000000202 00000000770fb219
0x000000000da6e008:   000007ffffe52000 000000006d642740
0x000000000da6e018:   0000000078cfe18f 0000000077205430
0x000000000da6e028:   0000000000000000 0000000000000050
0x000000000da6e038:   0000000005370000 0000000000000008
0x000000000da6e048:   000000000da70000 000000000da51000
0x000000000da6e058:   000000007714592e 0000000000000000
0x000000000da6e068:   0000000000000040 000002d3075f0183
0x000000000da6e078:   00000000054d0470 0000000000000000
0x000000000da6e088:   0000000000000000 000000000f2bea60
0x000000000da6e098:   0000000000000000 0000000043510000
0x000000000da6e0a8:   0000000000000000 0000000000000000
0x000000000da6e0b8:   00000000054d0080 0000000041e5c310
0x000000000da6e0c8:   00000000054d0338 000000007094d260
0x000000000da6e0d8:   000000007894000a 0000000000000000
0x000000000da6e0e8:   000000000d000001 0000000000000048 

Instructions: (pc=0x00000000771408c5)
0x00000000771408b5:   00 00 4c 89 b1 e8 00 00 00 4c 89 b9 f0 00 00 00
0x00000000771408c5:   0f ae 81 00 01 00 00 0f 29 81 a0 01 00 00 0f 29 


Stack: [0x000000000d9f0000,0x000000000da70000],  sp=0x000000000da6dff8,  free space=503k
Native frames: (J=compiled Java code, j=interpreted, Vv=VM code, C=native code)
C  [ntdll.dll+0x508c5]

Java frames: (J=compiled Java code, j=interpreted, Vv=VM code)
v  blob 0x0000000041a37039
j  com.mathworks.mlwidgets.explorer.model.actions.ActionConfigurationImpl.getDocumentList(Lcom/mathworks/matlab/api/explorer/ActionInput;)Ljava/util/List;+1
j  com.mathworks.mlwidgets.explorer.model.actions.ActionConfigurationImpl.isEnabled(Lcom/mathworks/mlwidgets/explorer/model/actions/ApplicableChecker;Lcom/mathworks/matlab/api/explorer/ActionInput;)Z+1
J  com.mathworks.mlwidgets.explorer.model.actions.ActionManager$4.run()V
j  com.mathworks.mwswing.MJUtilities.runOnEventDispatchThread(Ljava/lang/Runnable;)V+7
j  com.mathworks.mlwidgets.explorer.model.actions.ActionManager.refreshActions()V+8
j  com.mathworks.mlwidgets.explorer.model.actions.ActionManager.access$000(Lcom/mathworks/mlwidgets/explorer/model/actions/ActionManager;)V+1
j  com.mathworks.mlwidgets.explorer.model.actions.ActionManager$1.stateChanged(Ljavax/swing/event/ChangeEvent;)V+4
j  com.mathworks.mlwidgets.explorer.extensions.matlab.PathActionProvider$PathChangeNotifier$1.propertyChange(Ljava/beans/PropertyChangeEvent;)V+18
J  java.beans.PropertyChangeSupport.firePropertyChange(Ljava/beans/PropertyChangeEvent;)V
J  java.beans.PropertyChangeSupport.firePropertyChange(Ljava/lang/String;Ljava/lang/Object;Ljava/lang/Object;)V
j  com.mathworks.mlwidgets.explorer.model.MatlabPathModel.updateCurrentFolder()V+51
j  com.mathworks.mlwidgets.explorer.model.MatlabPathModel.access$000(Lcom/mathworks/mlwidgets/explorer/model/MatlabPathModel;)V+1
j  com.mathworks.mlwidgets.explorer.model.MatlabPathModel$1.actionPerformed(Ljava/awt/event/ActionEvent;)V+16
j  java.awt.AWTEventMulticaster.actionPerformed(Ljava/awt/event/ActionEvent;)V+21
j  java.awt.AWTEventMulticaster.actionPerformed(Ljava/awt/event/ActionEvent;)V+8
j  java.awt.AWTEventMulticaster.actionPerformed(Ljava/awt/event/ActionEvent;)V+8
j  java.awt.AWTEventMulticaster.actionPerformed(Ljava/awt/event/ActionEvent;)V+8
j  com.mathworks.jmi.MatlabPath$DeferredActionEvent.dispatch()V+21
j  com.mathworks.util.QueueEvent$QueueTarget.processEvent(Ljava/awt/AWTEvent;)V+13
j  java.awt.Component.dispatchEventImpl(Ljava/awt/AWTEvent;)V+566
J  java.awt.EventDispatchThread.pumpOneEventForFilters(I)Z
J  java.awt.EventDispatchThread.pumpEventsForFilter(ILjava/awt/Conditional;Ljava/awt/EventFilter;)V
j  java.awt.EventDispatchThread.pumpEventsForHierarchy(ILjava/awt/Conditional;Ljava/awt/Component;)V+11
j  java.awt.EventDispatchThread.pumpEvents(ILjava/awt/Conditional;)V+4
j  java.awt.EventDispatchThread.pumpEvents(Ljava/awt/Conditional;)V+3
j  java.awt.EventDispatchThread.run()V+9
v  ~StubRoutines::call_stub

---------------  P R O C E S S  ---------------

Java Threads: ( => current thread )
  0x000000000f1af800 JavaThread "Timer-3512" [_thread_blocked, id=2632, stack(0x0000000008690000,0x0000000008710000)]
  0x000000000ea83800 JavaThread "FileDecorationCache request queue" [_thread_blocked, id=4380, stack(0x000000003da20000,0x000000003daa0000)]
  0x000000006ff47800 JavaThread "AddressBar directory emptiness poller" [_thread_blocked, id=4448, stack(0x000000003db30000,0x000000003dbb0000)]
  0x000000006ff46800 JavaThread "Code Analyzer updating thread" [_thread_blocked, id=4324, stack(0x0000000072100000,0x0000000072180000)]
  0x000000006ff46000 JavaThread "Code Analyzer updating thread" [_thread_blocked, id=756, stack(0x000000006fc50000,0x000000006fcd0000)]
  0x000000006ff44800 JavaThread "Code Analyzer updating thread" [_thread_blocked, id=4424, stack(0x0000000072000000,0x0000000072080000)]
  0x000000006ff44000 JavaThread "Code Analyzer updating thread" [_thread_blocked, id=4336, stack(0x0000000068e40000,0x0000000068ec0000)]
  0x000000006ff43000 JavaThread "Code Analyzer updating thread" [_thread_blocked, id=4404, stack(0x000000006fb60000,0x000000006fbe0000)]
  0x000000006ff42800 JavaThread "Code Analyzer updating thread" [_thread_blocked, id=4428, stack(0x000000000fc40000,0x000000000fcc0000)]
  0x000000006ff41800 JavaThread "Code Analyzer updating thread" [_thread_blocked, id=4408, stack(0x0000000015000000,0x0000000015080000)]
  0x000000006ff41000 JavaThread "Code Analyzer updating thread" [_thread_blocked, id=4396, stack(0x00000000358d0000,0x0000000035950000)]
  0x000000006ff40000 JavaThread "Code Analyzer updating thread" [_thread_blocked, id=4412, stack(0x000000001d310000,0x000000001d390000)]
  0x000000006ff3f800 JavaThread "Code Analyzer updating thread" [_thread_blocked, id=4416, stack(0x0000000059b20000,0x0000000059ba0000)]
  0x000000006ff3f000 JavaThread "Code Analyzer updating thread" [_thread_blocked, id=4452, stack(0x0000000064cb0000,0x0000000064d30000)]
  0x000000006ff3e000 JavaThread "Code Analyzer updating thread" [_thread_blocked, id=4432, stack(0x0000000060b70000,0x0000000060bf0000)]
  0x000000006ff3d800 JavaThread "Code Analyzer updating thread" [_thread_blocked, id=4440, stack(0x0000000059bd0000,0x0000000059c50000)]
  0x000000006ff3c800 JavaThread "Code Analyzer updating thread" [_thread_blocked, id=4420, stack(0x0000000035850000,0x00000000358d0000)]
  0x000000006ff3c000 JavaThread "Active Reference Queue Daemon" daemon [_thread_blocked, id=3656, stack(0x00000000255f0000,0x0000000025670000)]
  0x000000006ff3b000 JavaThread "Timer-7" daemon [_thread_blocked, id=2064, stack(0x0000000039960000,0x00000000399e0000)]
  0x000000006ff3a800 JavaThread "Timer queue for AWT thread" daemon [_thread_blocked, id=432, stack(0x000000000fcd0000,0x000000000fd50000)]
  0x000000000e6ad800 JavaThread "Timer-6" daemon [_thread_blocked, id=2460, stack(0x00000000296f0000,0x0000000029770000)]
  0x000000000e6ac800 JavaThread "Explorer NavigationContext request queue" [_thread_blocked, id=3740, stack(0x0000000025570000,0x00000000255f0000)]
  0x000000000e6aa800 JavaThread "AddressBar directory emptiness poller" [_thread_blocked, id=1752, stack(0x0000000019220000,0x00000000192a0000)]
  0x000000000e6a9000 JavaThread "Timer-1" [_thread_blocked, id=972, stack(0x0000000019150000,0x00000000191d0000)]
  0x000000000e6a6000 JavaThread "TimerQueue" daemon [_thread_blocked, id=3504, stack(0x000000000fd70000,0x000000000fdf0000)]
  0x000000000e6a8800 JavaThread "FelixPackageAdmin" daemon [_thread_blocked, id=3496, stack(0x000000000f710000,0x000000000f790000)]
  0x000000000e6a7800 JavaThread "FelixStartLevel" daemon [_thread_blocked, id=3560, stack(0x000000000fbc0000,0x000000000fc40000)]
  0x000000000e6a7000 JavaThread "FelixDispatchQueue" daemon [_thread_blocked, id=3564, stack(0x000000000fa10000,0x000000000fa90000)]
=>0x000000000e6a5800 JavaThread "AWT-EventQueue-0" [_thread_in_Java, id=3532, stack(0x000000000d9f0000,0x000000000da70000)]
  0x000000000e6a4800 JavaThread "com.google.common.base.internal.Finalizer" daemon [_thread_blocked, id=4488, stack(0x000000000f930000,0x000000000f9b0000)]
  0x000000000e6a3800 JavaThread "AWT-Windows" daemon [_thread_in_native, id=4492, stack(0x000000000e8a0000,0x000000000e920000)]
  0x000000000e6a2800 JavaThread "AWT-Shutdown" [_thread_blocked, id=3544, stack(0x000000000f790000,0x000000000f810000)]
  0x000000000e6a2000 JavaThread "Java2D Disposer" daemon [_thread_blocked, id=4936, stack(0x000000000f680000,0x000000000f700000)]
  0x000000000e6a1000 JavaThread "Timer-0" [_thread_blocked, id=3540, stack(0x000000000f600000,0x000000000f680000)]
  0x000000000e6a0800 JavaThread "EventMgr Dispatcher" daemon [_thread_in_native, id=2604, stack(0x00000000192f0000,0x000000001d2f0000)]
  0x000000000e69f800 JavaThread "Low Memory Detector" daemon [_thread_blocked, id=2728, stack(0x000000000e930000,0x000000000e9b0000)]
  0x000000000e6b6000 JavaThread "CompilerThread1" daemon [_thread_blocked, id=3880, stack(0x0000000098600000,0x000000009c600000)]
  0x000000000e6af000 JavaThread "CompilerThread0" daemon [_thread_blocked, id=5108, stack(0x0000000094460000,0x0000000098460000)]
  0x000000000e69f000 JavaThread "Attach Listener" daemon [_thread_blocked, id=3444, stack(0x000000000e7a0000,0x000000000e820000)]
  0x000000000e646000 JavaThread "Finalizer" daemon [_thread_blocked, id=5116, stack(0x000000000da70000,0x000000000daf0000)]
  0x000000000e63c000 JavaThread "Reference Handler" daemon [_thread_blocked, id=4128, stack(0x000000000d860000,0x000000000d8e0000)]
  0x0000000005544000 JavaThread "main" [_thread_in_native, id=2644, stack(0x00000000000b0000,0x00000000040b0000)]

Other Threads:
  0x000000000e637000 VMThread [stack: 0x00000000903b0000,0x00000000943b0000] [id=3568]
  0x000000000e6d8000 WatcherThread [stack: 0x000000009c710000,0x00000000a0710000] [id=2708]

VM state:not at safepoint (normal execution)

VM Mutex/Monitor currently owned by a thread: None

Heap
 PSYoungGen      total 20160K, used 4038K [0x0000000055d00000, 0x00000000572b0000, 0x0000000058e00000)
  eden space 19712K, 18% used [0x0000000055d00000,0x0000000056088860,0x0000000057040000)
  from space 448K, 93% used [0x0000000057040000,0x00000000570a9318,0x00000000570b0000)
  to   space 512K, 0% used [0x0000000057230000,0x0000000057230000,0x00000000572b0000)
 PSOldGen        total 111040K, used 94540K [0x000000004ca00000, 0x0000000053670000, 0x0000000055d00000)
  object space 111040K, 85% used [0x000000004ca00000,0x0000000052653300,0x0000000053670000)
 PSPermGen       total 125568K, used 66808K [0x0000000044a00000, 0x000000004c4a0000, 0x000000004ca00000)
  object space 125568K, 53% used [0x0000000044a00000,0x0000000048b3e0e8,0x000000004c4a0000)

Dynamic libraries:
0x000000013fa40000 - 0x000000013fa72000 	C:\Program Files\MATLAB\R2012a\bin\win64\MATLAB.exe
0x00000000770f0000 - 0x0000000077299000 	C:\Windows\SYSTEM32\ntdll.dll
0x0000000076fd0000 - 0x00000000770ef000 	C:\Windows\system32\kernel32.dll
0x000007fefd270000 - 0x000007fefd2db000 	C:\Windows\system32\KERNELBASE.dll
0x0000000074460000 - 0x0000000074554000 	C:\Program Files\MATLAB\R2012a\bin\win64\libut.dll
0x00000000758a0000 - 0x0000000075952000 	C:\Program Files\MATLAB\R2012a\bin\win64\libmwi18n.dll
0x0000000180000000 - 0x000000018000b000 	C:\Program Files\MATLAB\R2012a\bin\win64\libmwresource_core.dll
0x000000006fd80000 - 0x000000006fe53000 	C:\Windows\WinSxS\amd64_microsoft.vc90.crt_1fc8b3b9a1e18e3b_9.0.30729.6161_none_08e61857a83bc251\MSVCP90.dll
0x000000006fcd0000 - 0x000000006fd73000 	C:\Windows\WinSxS\amd64_microsoft.vc90.crt_1fc8b3b9a1e18e3b_9.0.30729.6161_none_08e61857a83bc251\MSVCR90.dll
0x000000007a170000 - 0x000000007a19c000 	C:\Program Files\MATLAB\R2012a\bin\win64\boost_filesystem-vc90-mt-1_44.dll
0x000000007a560000 - 0x000000007a569000 	C:\Program Files\MATLAB\R2012a\bin\win64\boost_system-vc90-mt-1_44.dll
0x000007fefef20000 - 0x000007fefeffb000 	C:\Windows\system32\ADVAPI32.dll
0x000007fefe1d0000 - 0x000007fefe26f000 	C:\Windows\system32\msvcrt.dll
0x000007feff3e0000 - 0x000007feff3ff000 	C:\Windows\SYSTEM32\sechost.dll
0x000007feff080000 - 0x000007feff1ad000 	C:\Windows\system32\RPCRT4.dll
0x000000007a010000 - 0x000000007a035000 	C:\Program Files\MATLAB\R2012a\bin\win64\LIBEXPAT.dll
0x000000005c8b0000 - 0x000000005caa1000 	C:\Program Files\MATLAB\R2012a\bin\win64\icuin44.dll
0x000000005c730000 - 0x000000005c8a1000 	C:\Program Files\MATLAB\R2012a\bin\win64\icuuc44.dll
0x0000000010000000 - 0x0000000010e41000 	C:\Program Files\MATLAB\R2012a\bin\win64\icudt44.dll
0x0000000073f70000 - 0x00000000740ad000 	C:\Program Files\MATLAB\R2012a\bin\win64\libmwfl.dll
0x0000000004320000 - 0x0000000004616000 	C:\Program Files\MATLAB\R2012a\bin\win64\libmwMATLAB_res.dll
0x000000007a3b0000 - 0x000000007a3c0000 	C:\Program Files\MATLAB\R2012a\bin\win64\boost_date_time-vc90-mt-1_44.dll
0x000000007a250000 - 0x000000007a263000 	C:\Program Files\MATLAB\R2012a\bin\win64\boost_signals-vc90-mt-1_44.dll
0x000000007a2d0000 - 0x000000007a2e2000 	C:\Program Files\MATLAB\R2012a\bin\win64\boost_thread-vc90-mt-1_44.dll
0x00000000041a0000 - 0x00000000041e6000 	C:\Program Files\MATLAB\R2012a\bin\win64\tbb.dll
0x000007feff060000 - 0x000007feff079000 	C:\Windows\system32\imagehlp.dll
0x00000000772b0000 - 0x00000000772b7000 	C:\Windows\system32\PSAPI.DLL
0x000000005c710000 - 0x000000005c723000 	C:\Program Files\MATLAB\R2012a\bin\win64\icuio44.dll
0x000007fef5a50000 - 0x000007fef5b75000 	C:\Windows\system32\dbghelp.dll
0x0000000076ed0000 - 0x0000000076fca000 	C:\Windows\system32\USER32.dll
0x000007fefe460000 - 0x000007fefe4c7000 	C:\Windows\system32\GDI32.dll
0x000007fefd430000 - 0x000007fefd43e000 	C:\Windows\system32\LPK.dll
0x000007fefd2e0000 - 0x000007fefd3a9000 	C:\Windows\system32\USP10.dll
0x000000007bed0000 - 0x000000007c183000 	C:\Program Files\MATLAB\R2012a\bin\win64\libmwservices.dll
0x0000000075a20000 - 0x0000000075ae2000 	C:\Program Files\MATLAB\R2012a\bin\win64\libmx.dll
0x000000007a210000 - 0x000000007a228000 	C:\Program Files\MATLAB\R2012a\bin\win64\zlib1.dll
0x0000000004640000 - 0x0000000004661000 	C:\Program Files\MATLAB\R2012a\bin\win64\libmwmfl_scalar.dll
0x0000000075f10000 - 0x0000000075f5d000 	C:\Program Files\MATLAB\R2012a\bin\win64\mpath.dll
0x000000007b680000 - 0x000000007bbe1000 	C:\Program Files\MATLAB\R2012a\bin\win64\mlutil.dll
0x000000005c690000 - 0x000000005c70f000 	C:\Program Files\MATLAB\R2012a\bin\win64\xmlcore.dll
0x000000007bc30000 - 0x000000007be83000 	C:\Program Files\MATLAB\R2012a\bin\win64\xerces-c_2_7.dll
0x000007fefe800000 - 0x000007fefe84d000 	C:\Windows\system32\WS2_32.dll
0x000007fefece0000 - 0x000007fefece8000 	C:\Windows\system32\NSI.dll
0x00000000046c0000 - 0x00000000046da000 	C:\Program Files\MATLAB\R2012a\bin\win64\libmwMATLAB_settings_res.dll
0x00000000046f0000 - 0x0000000004737000 	C:\Program Files\MATLAB\R2012a\bin\win64\boost_serialization-vc90-mt-1_44.dll
0x000007fefd440000 - 0x000007fefe1c8000 	C:\Windows\system32\SHELL32.dll
0x000007fefd3b0000 - 0x000007fefd421000 	C:\Windows\system32\SHLWAPI.dll
0x000007feebc60000 - 0x000007feebd00000 	C:\Windows\WinSxS\amd64_microsoft.windows.common-controls_6595b64144ccf1df_5.82.7601.18201_none_a4d3b9377117c3df\COMCTL32.dll
0x000007feff1b0000 - 0x000007feff247000 	C:\Windows\system32\COMDLG32.dll
0x000007fefa240000 - 0x000007fefa256000 	C:\Windows\system32\NETAPI32.dll
0x000007fefa230000 - 0x000007fefa23c000 	C:\Windows\system32\netutils.dll
0x000007fefcab0000 - 0x000007fefcad3000 	C:\Windows\system32\srvcli.dll
0x000007fefa210000 - 0x000007fefa225000 	C:\Windows\system32\wkscli.dll
0x000007fefe570000 - 0x000007fefe773000 	C:\Windows\system32\ole32.dll
0x000007fefe270000 - 0x000007fefe347000 	C:\Windows\system32\OLEAUT32.dll
0x0000000074970000 - 0x0000000074b06000 	C:\Program Files\MATLAB\R2012a\bin\win64\mcr.dll
0x0000000075000000 - 0x000000007536b000 	C:\Program Files\MATLAB\R2012a\bin\win64\iqm.dll
0x000000005be60000 - 0x000000005c681000 	C:\Program Files\MATLAB\R2012a\bin\win64\m_interpreter.dll
0x000000005be30000 - 0x000000005be55000 	C:\Program Files\MATLAB\R2012a\bin\win64\libmex.dll
0x000000005bd70000 - 0x000000005be23000 	C:\Program Files\MATLAB\R2012a\bin\win64\m_dispatcher.dll
0x0000000074880000 - 0x000000007496d000 	C:\Program Files\MATLAB\R2012a\bin\win64\boost_regex-vc90-mt-1_44.dll
0x000000005bce0000 - 0x000000005bd64000 	C:\Program Files\MATLAB\R2012a\bin\win64\profiler.dll
0x00000000047c0000 - 0x0000000004a15000 	C:\Program Files\MATLAB\R2012a\bin\win64\libmwmathutil.dll
0x0000000079f40000 - 0x0000000079f6d000 	C:\Program Files\MATLAB\R2012a\bin\win64\libmwmathrng.dll
0x0000000074c10000 - 0x0000000074ced000 	C:\Program Files\MATLAB\R2012a\bin\win64\libmwmathcore.dll
0x0000000076160000 - 0x00000000761cb000 	C:\Program Files\MATLAB\R2012a\bin\win64\libmwspmatrix.dll
0x0000000075ea0000 - 0x0000000075f02000 	C:\Program Files\MATLAB\R2012a\bin\win64\libmwcholmod.dll
0x000000007a460000 - 0x000000007a46d000 	C:\Program Files\MATLAB\R2012a\bin\win64\libmwamd.dll
0x000000007a4b0000 - 0x000000007a4bc000 	C:\Program Files\MATLAB\R2012a\bin\win64\libmwcolamd.dll
0x000000005bcc0000 - 0x000000005bcd9000 	C:\Program Files\MATLAB\R2012a\bin\win64\libmwblas.dll
0x000000005bca0000 - 0x000000005bcb2000 	C:\Program Files\MATLAB\R2012a\bin\win64\libmwbinder.dll
0x000000005bc90000 - 0x000000005bc9b000 	C:\Program Files\MATLAB\R2012a\bin\win64\libmwompwrapper.dll
0x000000005bc00000 - 0x000000005bc86000 	C:\Program Files\MATLAB\R2012a\bin\win64\libmwlapack.dll
0x000000005bbd0000 - 0x000000005bbf1000 	C:\Program Files\MATLAB\R2012a\bin\win64\m_pcodeio.dll
0x0000000079b10000 - 0x0000000079b77000 	C:\Program Files\MATLAB\R2012a\bin\win64\m_ir.dll
0x000000005b580000 - 0x000000005bbd0000 	C:\Program Files\MATLAB\R2012a\bin\win64\m_parser.dll
0x000000005b560000 - 0x000000005b57a000 	C:\Program Files\MATLAB\R2012a\bin\win64\ir_xfmr.dll
0x000000005b2e0000 - 0x000000005b559000 	C:\Program Files\MATLAB\R2012a\bin\win64\mcos.dll
0x000000005b2d0000 - 0x000000005b2dc000 	C:\Program Files\MATLAB\R2012a\bin\win64\mtok.dll
0x000000005b290000 - 0x000000005b2c1000 	C:\Program Files\MATLAB\R2012a\bin\win64\m_pcodegen.dll
0x0000000079fb0000 - 0x0000000079fe7000 	C:\Program Files\MATLAB\R2012a\bin\win64\libmwbridge.dll
0x000000005b1c0000 - 0x000000005b288000 	C:\Program Files\MATLAB\R2012a\bin\win64\udd.dll
0x000000005b060000 - 0x000000005b1b2000 	C:\Program Files\MATLAB\R2012a\bin\win64\libmwgui.dll
0x000000005b040000 - 0x000000005b057000 	C:\Program Files\MATLAB\R2012a\bin\win64\graphics_util.dll
0x000000005a690000 - 0x000000005b033000 	C:\Program Files\MATLAB\R2012a\bin\win64\hg.dll
0x0000000004b90000 - 0x0000000004bf7000 	C:\Program Files\MATLAB\R2012a\bin\win64\libmat.dll
0x0000000072d30000 - 0x0000000072f44000 	C:\Program Files\MATLAB\R2012a\bin\win64\hdf5dll.dll
0x0000000075710000 - 0x00000000757c1000 	C:\Program Files\MATLAB\R2012a\bin\win64\jmi.dll
0x0000000004c30000 - 0x0000000004c3e000 	C:\Program Files\MATLAB\R2012a\bin\win64\nativejava_services.dll
0x000000005a640000 - 0x000000005a682000 	C:\Program Files\MATLAB\R2012a\bin\win64\libmwhardcopy.dll
0x000000005a5e0000 - 0x000000005a63a000 	C:\Program Files\MATLAB\R2012a\bin\win64\libuij.dll
0x000000005a3d0000 - 0x000000005a5dc000 	C:\Program Files\MATLAB\R2012a\bin\win64\hgdatatypes.dll
0x000000005a2d0000 - 0x000000005a3cd000 	C:\Program Files\MATLAB\R2012a\bin\win64\hgutils.dll
0x000000005a210000 - 0x000000005a2cd000 	C:\Program Files\MATLAB\R2012a\bin\win64\udd_mi.dll
0x0000000004ca0000 - 0x0000000004cdb000 	C:\Program Files\MATLAB\R2012a\bin\win64\libmwgbtutils.dll
0x0000000004cf0000 - 0x0000000004d09000 	C:\Program Files\MATLAB\R2012a\bin\win64\libmwgbt.dll
0x0000000004d20000 - 0x0000000004fea000 	C:\Program Files\MATLAB\R2012a\bin\win64\uiw.dll
0x000000005a200000 - 0x000000005a20f000 	C:\Program Files\MATLAB\R2012a\bin\win64\uinone.dll
0x000007fef7550000 - 0x000007fef7568000 	C:\Windows\system32\MPR.dll
0x0000000059d10000 - 0x000000005a1f4000 	C:\Windows\WinSxS\amd64_microsoft.vc90.mfc_1fc8b3b9a1e18e3b_9.0.30729.6161_none_044aad0bab1eb146\mfc90.dll
0x000007fef51d0000 - 0x000007fef51d7000 	C:\Windows\system32\MSIMG32.dll
0x000007fef5bf0000 - 0x000007fef5c61000 	C:\Windows\system32\WINSPOOL.DRV
0x0000000059cf0000 - 0x0000000059d10000 	C:\Program Files\MATLAB\R2012a\bin\win64\mwoles05.DLL
0x0000000059c70000 - 0x0000000059cec000 	C:\Program Files\MATLAB\R2012a\bin\win64\comcli.dll
0x000000006fad0000 - 0x000000006faff000 	C:\Windows\WinSxS\amd64_microsoft.vc90.atl_1fc8b3b9a1e18e3b_9.0.30729.6161_none_0a1fd3a3a768b895\ATL90.DLL
0x0000000059c60000 - 0x0000000059c6c000 	C:\Program Files\MATLAB\R2012a\bin\win64\mlautoregister.dll
0x0000000005040000 - 0x0000000005050000 	C:\Program Files\MATLAB\R2012a\bin\win64\boost_iostreams-vc90-mt-1_44.dll
0x000007fefcd40000 - 0x000007fefcd97000 	C:\Windows\system32\apphelp.dll
0x000007fef5200000 - 0x000007fef5251000 	C:\Windows\AppPatch\AppPatch64\AcGenral.DLL
0x000007fefcd10000 - 0x000007fefcd35000 	C:\Windows\system32\SspiCli.dll
0x0000000073700000 - 0x0000000073703000 	C:\Windows\system32\sfc.dll
0x000007fef89a0000 - 0x000007fef89b0000 	C:\Windows\system32\sfc_os.DLL
0x000007fefc1f0000 - 0x000007fefc20e000 	C:\Windows\system32\USERENV.dll
0x000007fefceb0000 - 0x000007fefcebf000 	C:\Windows\system32\profapi.dll
0x000007fefae50000 - 0x000007fefae68000 	C:\Windows\system32\dwmapi.dll
0x000007feeb7f0000 - 0x000007feebc57000 	C:\Windows\AppPatch\AppPatch64\AcXtrnal.DLL
0x000007feff3b0000 - 0x000007feff3de000 	C:\Windows\system32\IMM32.DLL
0x000007fefe350000 - 0x000007fefe459000 	C:\Windows\system32\MSCTF.dll
0x000007fefb680000 - 0x000007fefb6d6000 	C:\Windows\system32\UxTheme.dll
0x0000000059ae0000 - 0x0000000059aef000 	C:\Windows\WinSxS\amd64_microsoft.vc90.mfcloc_1fc8b3b9a1e18e3b_9.0.30729.6161_none_01c9581e60cbee58\MFC90FRA.DLL
0x0000000005310000 - 0x0000000005339000 	C:\Program Files\MATLAB\R2012a\bin\win64\tbbmalloc.dll
0x000007fef51e0000 - 0x000007fef51ef000 	C:\Program Files\MATLAB\R2012a\bin\win64\xmlxrcsc.dll
0x000007fefcda0000 - 0x000007fefcdaf000 	C:\Windows\system32\CRYPTBASE.dll
0x000007fefb890000 - 0x000007fefba84000 	C:\Windows\WinSxS\amd64_microsoft.windows.common-controls_6595b64144ccf1df_6.0.7601.17514_none_fa396087175ac9ac\comctl32.dll
0x000007fefe850000 - 0x000007fefea27000 	C:\Windows\system32\SETUPAPI.dll
0x000007fefd1f0000 - 0x000007fefd226000 	C:\Windows\system32\CFGMGR32.dll
0x000007fefd1d0000 - 0x000007fefd1ea000 	C:\Windows\system32\DEVOBJ.dll
0x000007fefe4d0000 - 0x000007fefe569000 	C:\Windows\system32\CLBCatQ.DLL

VM Arguments:
jvm_args: -Xss512k -XX:PermSize=32m -Xms64m -XX:NewRatio=3 -XX:MaxPermSize=128m -Xmx196m -XX:MaxDirectMemorySize=2147400000 -Dsun.java2d.noddraw=true -Dsun.awt.nopixfmt=true -Xshare:off -Xrs -Dsun.awt.disableMixing=true -Djava.library.path=C:\Program Files\MATLAB\R2012a\bin\win64 vfprintf abort 
java_command: <unknown>
Launcher Type: generic

Environment Variables:
PATH=C:\Windows\system32;C:\Windows;C:\Windows\System32\Wbem;C:\Windows\System32\WindowsPowerShell\v1.0\;c:\Program Files (x86)\ATI Technologies\ATI.ACE\Core-Static;C:\Program Files\MATLAB\R2012a\runtime\win64;C:\Program Files\MATLAB\R2012a\bin
USERNAME=Sahar
OS=Windows_NT
PROCESSOR_IDENTIFIER=Intel64 Family 6 Model 60 Stepping 3, GenuineIntel



---------------  S Y S T E M  ---------------

OS: Windows 7 Build 7601 Service Pack 1

CPU:total 8 (8 cores per cpu, 2 threads per core) family 6 model 60 stepping 3, cmov, cx8, fxsr, mmx, sse, sse2, sse3, ssse3, sse4.1, sse4.2, ht

Memory: 4k page, physical 8329420k(5727660k free), swap 16656976k(13459292k free)

vm_info: Java HotSpot(TM) 64-Bit Server VM (14.3-b01) for windows-amd64 JRE (1.6.0_17-b04), built on Oct 11 2009 00:46:08 by "java_re" with MS VC++ 8.0

time: Thu May 08 10:37:13 2014
elapsed time: 2623 seconds

